[1] "Command failed (1)\n\nFailed to run system command:\n\n\t'/Library/Frameworks/R.framework/Resources/bin/R' --vanilla CMD INSTALL '/private/var/folders/mv/3wyjq0k50dx2nmv7m3b67hvw0000gn/T/Rtmpnjdn1v/units' --library='/Users/jocelynpender/distribution-verification-demo/packrat/lib/x86_64-apple-darwin15.6.0/3.6.0' --install-tests --no-docs --no-multiarch --no-demo \n\nThe command failed with output:\n* installing *source* package 'units' ...\n** package 'units' successfully unpacked and MD5 sums checked\n** using staged installation\nconfigure: units: 0.6-2\nchecking whether the C++ compiler works... yes\nchecking for C++ compiler default output file name... a.out\nchecking for suffix of executables... \nchecking whether we are cross compiling... no\nchecking for suffix of object files... o\nchecking whether we are using the GNU C++ compiler... yes\nchecking whether /usr/local/Cellar/gcc/9.1.0/bin/g++-9 accepts -g... yes\nchecking how to run the C++ preprocessor... /usr/local/Cellar/gcc/9.1.0/bin/g++-9 -E\nchecking for grep that handles long lines and -e... /usr/bin/grep\nchecking for egrep... /usr/bin/grep -E\nchecking for ANSI C header files... rm: conftest.dSYM: is a directory\nrm: conftest.dSYM: is a directory\nyes\nchecking for sys/types.h... yes\nchecking for sys/stat.h... yes\nchecking for stdlib.h... yes\nchecking for string.h... yes\nchecking for memory.h... yes\nchecking for strings.h... yes\nchecking for inttypes.h... yes\nchecking for stdint.h... yes\nchecking for unistd.h... yes\nchecking for stdbool.h that conforms to C99... no\nchecking for _Bool... no\nchecking for error_at_line... no\nchecking for gcc... /usr/local/Cellar/gcc/9.1.0/bin/gcc-9\nchecking whether we are using the GNU C compiler... yes\nchecking whether /usr/local/Cellar/gcc/9.1.0/bin/gcc-9 accepts -g... yes\nchecking for /usr/local/Cellar/gcc/9.1.0/bin/gcc-9 option to accept ISO C89... none needed\nchecking for XML_ParserCreate in -lexpat... yes\nchecking udunits2.h usability... no\nchecking udunits2.h presence... no\nchecking for udunits2.h... no\nchecking udunits2/udunits2.h usability... no\nchecking udunits2/udunits2.h presence... no\nchecking for udunits2/udunits2.h... no\nchecking for ut_read_xml in -ludunits2... no\nconfigure: error: in `/private/var/folders/mv/3wyjq0k50dx2nmv7m3b67hvw0000gn/T/Rtmpnjdn1v/units':\nconfigure: error: \n--------------------------------------------------------------------------------\n  Configuration failed because libudunits2.so was not found. Try installing:\n    * deb: libudunits2-dev (Debian, Ubuntu, ...)\n    * rpm: udunits2-devel (Fedora, EPEL, ...)\n    * brew: udunits (OSX)\n  If udunits2 is already installed in a non-standard location, use:\n    --configure-args='--with-udunits2-lib=/usr/local/lib'\n  if the library was not found, and/or:\n    --configure-args='--with-udunits2-include=/usr/include/udunits2'\n  if the header was not found, replacing paths with appropriate values.\n  You can alternatively set UDUNITS2_INCLUDE and UDUNITS2_LIBS manually.\n--------------------------------------------------------------------------------\n\nSee `config.log' for more details\nERROR: configuration failed for package 'units'\n* removing '/Users/jocelynpender/distribution-verification-demo/packrat/lib/x86_64-apple-darwin15.6.0/3.6.0/units'"
Error: Command failed (1)

Failed to run system command:

	'/Library/Frameworks/R.framework/Resources/bin/R' --vanilla CMD INSTALL '/private/var/folders/mv/3wyjq0k50dx2nmv7m3b67hvw0000gn/T/Rtmpnjdn1v/units' --library='/Users/jocelynpender/distribution-verification-demo/packrat/lib/x86_64-apple-darwin15.6.0/3.6.0' --install-tests --no-docs --no-multiarch --no-demo 

The command failed with output:
* installing *source* package 'units' ...
** package 'units' successfully unpacked and MD5 sums checked
** using staged installation
configure: units: 0.6-2
checking whether the C++ compiler works... yes
checking for C++ compiler default output file name... a.out
checking for suffix of executables... 
checking whether we are cross compiling... no
checking for suffix of object files... o
checking whether we are using the GNU C++ compiler... yes
checking whether /usr/local/Cellar/gcc/9.1.0/bin/g++-9 accepts -g... yes
checking how to run the C++ preprocessor... /usr/local/Cellar/gcc/9.1.0/bin/g+
In addition: Warning messages:
1: In untar(src, exdir = target, compressed = "gzip") :
  argument 'compressed' is ignored for the internal method
2: In untar(src, compressed = "gzip", list = TRUE) :
  argument 'compressed' is ignored for the internal method